2024-09-29 14:32:18,914 - INFO - Начало обработки XML файла и индексации товаров
2024-09-29 14:32:18,925 - INFO - Подключение к базе данных установлено
2024-09-29 14:32:18,927 - INFO - Таблица public.sku проверена/создана
2024-09-29 14:33:10,628 - INFO - Последний пакет из 91 продуктов добавлен в базу данных
2024-09-29 14:33:10,632 - INFO - Подключение к базе данных закрыто
2024-09-29 14:33:10,647 - INFO - Подключение к базе данных установлено
2024-09-29 14:33:10,657 - INFO - Начало индексации товаров...
2024-09-29 14:33:10,713 - INFO - GET http://elasticsearch:9200/ [status:200 request:0.023s]
2024-09-29 14:33:15,550 - INFO - POST http://elasticsearch:9200/_bulk [status:200 request:4.834s]
2024-09-29 14:33:16,560 - INFO - POST http://elasticsearch:9200/_bulk [status:200 request:0.744s]
2024-09-29 14:33:17,864 - INFO - POST http://elasticsearch:9200/_bulk [status:200 request:1.265s]
2024-09-29 14:33:18,856 - INFO - POST http://elasticsearch:9200/_bulk [status:200 request:0.947s]
2024-09-29 14:33:19,962 - INFO - POST http://elasticsearch:9200/_bulk [status:200 request:1.063s]
2024-09-29 14:33:20,658 - INFO - POST http://elasticsearch:9200/_bulk [status:200 request:0.652s]
2024-09-29 14:33:21,660 - INFO - POST http://elasticsearch:9200/_bulk [status:200 request:0.961s]
2024-09-29 14:33:22,547 - INFO - POST http://elasticsearch:9200/_bulk [status:200 request:0.846s]
2024-09-29 14:33:23,362 - INFO - POST http://elasticsearch:9200/_bulk [status:200 request:0.768s]
2024-09-29 14:33:24,152 - INFO - POST http://elasticsearch:9200/_bulk [status:200 request:0.747s]
2024-09-29 14:33:25,071 - INFO - POST http://elasticsearch:9200/_bulk [status:200 request:0.890s]
2024-09-29 14:33:25,653 - INFO - POST http://elasticsearch:9200/_bulk [status:200 request:0.524s]
2024-09-29 14:33:26,549 - INFO - POST http://elasticsearch:9200/_bulk [status:200 request:0.834s]
2024-09-29 14:33:27,359 - INFO - POST http://elasticsearch:9200/_bulk [status:200 request:0.769s]
2024-09-29 14:33:28,146 - INFO - POST http://elasticsearch:9200/_bulk [status:200 request:0.745s]
2024-09-29 14:33:28,868 - INFO - POST http://elasticsearch:9200/_bulk [status:200 request:0.675s]
2024-09-29 14:33:29,261 - INFO - POST http://elasticsearch:9200/_bulk [status:200 request:0.348s]
2024-09-29 14:33:29,569 - INFO - POST http://elasticsearch:9200/_bulk [status:200 request:0.276s]
2024-09-29 14:33:30,249 - INFO - POST http://elasticsearch:9200/_bulk [status:200 request:0.640s]
2024-09-29 14:33:31,147 - INFO - POST http://elasticsearch:9200/_bulk [status:200 request:0.853s]
2024-09-29 14:33:31,958 - INFO - POST http://elasticsearch:9200/_bulk [status:200 request:0.773s]
2024-09-29 14:33:32,856 - INFO - POST http://elasticsearch:9200/_bulk [status:200 request:0.849s]
2024-09-29 14:33:33,649 - INFO - POST http://elasticsearch:9200/_bulk [status:200 request:0.767s]
2024-09-29 14:33:34,154 - INFO - POST http://elasticsearch:9200/_bulk [status:200 request:0.460s]
2024-09-29 14:33:34,560 - INFO - POST http://elasticsearch:9200/_bulk [status:200 request:0.367s]
2024-09-29 14:33:34,948 - INFO - POST http://elasticsearch:9200/_bulk [status:200 request:0.352s]
2024-09-29 14:33:35,845 - INFO - POST http://elasticsearch:9200/_bulk [status:200 request:0.855s]
2024-09-29 14:33:36,451 - INFO - POST http://elasticsearch:9200/_bulk [status:200 request:0.579s]
2024-09-29 14:33:37,252 - INFO - POST http://elasticsearch:9200/_bulk [status:200 request:0.759s]
2024-09-29 14:33:38,253 - INFO - POST http://elasticsearch:9200/_bulk [status:200 request:0.965s]
2024-09-29 14:33:38,854 - INFO - POST http://elasticsearch:9200/_bulk [status:200 request:0.560s]
2024-09-29 14:33:39,361 - INFO - POST http://elasticsearch:9200/_bulk [status:200 request:0.468s]
2024-09-29 14:33:40,159 - INFO - POST http://elasticsearch:9200/_bulk [status:200 request:0.776s]
2024-09-29 14:33:40,861 - INFO - POST http://elasticsearch:9200/_bulk [status:200 request:0.660s]
2024-09-29 14:33:41,656 - INFO - POST http://elasticsearch:9200/_bulk [status:200 request:0.757s]
2024-09-29 14:33:42,249 - INFO - POST http://elasticsearch:9200/_bulk [status:200 request:0.552s]
2024-09-29 14:33:42,647 - INFO - POST http://elasticsearch:9200/_bulk [status:200 request:0.358s]
2024-09-29 14:33:42,969 - INFO - POST http://elasticsearch:9200/_bulk [status:200 request:0.260s]
2024-09-29 14:33:43,268 - INFO - POST http://elasticsearch:9200/_bulk [status:200 request:0.270s]
2024-09-29 14:33:43,555 - INFO - POST http://elasticsearch:9200/_bulk [status:200 request:0.263s]
2024-09-29 14:33:43,861 - INFO - POST http://elasticsearch:9200/_bulk [status:200 request:0.277s]
2024-09-29 14:33:44,165 - INFO - POST http://elasticsearch:9200/_bulk [status:200 request:0.274s]
2024-09-29 14:33:44,374 - INFO - POST http://elasticsearch:9200/_bulk [status:200 request:0.182s]
2024-09-29 14:33:44,572 - INFO - POST http://elasticsearch:9200/_bulk [status:200 request:0.173s]
2024-09-29 14:33:44,859 - INFO - POST http://elasticsearch:9200/_bulk [status:200 request:0.263s]
2024-09-29 14:33:45,156 - INFO - POST http://elasticsearch:9200/_bulk [status:200 request:0.264s]
2024-09-29 14:33:45,463 - INFO - POST http://elasticsearch:9200/_bulk [status:200 request:0.276s]
2024-09-29 14:33:45,759 - INFO - POST http://elasticsearch:9200/_bulk [status:200 request:0.266s]
2024-09-29 14:33:46,060 - INFO - POST http://elasticsearch:9200/_bulk [status:200 request:0.274s]
2024-09-29 14:33:46,365 - INFO - POST http://elasticsearch:9200/_bulk [status:200 request:0.276s]
2024-09-29 14:33:46,668 - INFO - POST http://elasticsearch:9200/_bulk [status:200 request:0.274s]
2024-09-29 14:33:46,961 - INFO - POST http://elasticsearch:9200/_bulk [status:200 request:0.265s]
2024-09-29 14:33:47,270 - INFO - POST http://elasticsearch:9200/_bulk [status:200 request:0.283s]
2024-09-29 14:33:47,642 - INFO - POST http://elasticsearch:9200/_bulk [status:200 request:0.347s]
2024-09-29 14:33:48,163 - INFO - POST http://elasticsearch:9200/_bulk [status:200 request:0.479s]
2024-09-29 14:33:48,444 - INFO - POST http://elasticsearch:9200/_bulk [status:200 request:0.253s]
2024-09-29 14:33:48,570 - INFO - POST http://elasticsearch:9200/_bulk [status:200 request:0.100s]
2024-09-29 14:33:48,760 - INFO - POST http://elasticsearch:9200/_bulk [status:200 request:0.166s]
2024-09-29 14:33:48,960 - INFO - POST http://elasticsearch:9200/_bulk [status:200 request:0.175s]
2024-09-29 14:33:49,063 - INFO - POST http://elasticsearch:9200/_bulk [status:200 request:0.082s]
2024-09-29 14:33:49,260 - INFO - POST http://elasticsearch:9200/_bulk [status:200 request:0.168s]
2024-09-29 14:33:49,451 - INFO - POST http://elasticsearch:9200/_bulk [status:200 request:0.165s]
2024-09-29 14:33:49,562 - INFO - POST http://elasticsearch:9200/_bulk [status:200 request:0.083s]
2024-09-29 14:33:49,673 - INFO - POST http://elasticsearch:9200/_bulk [status:200 request:0.088s]
2024-09-29 14:33:49,852 - INFO - POST http://elasticsearch:9200/_bulk [status:200 request:0.153s]
2024-09-29 14:33:50,056 - INFO - POST http://elasticsearch:9200/_bulk [status:200 request:0.178s]
2024-09-29 14:33:50,172 - INFO - POST http://elasticsearch:9200/_bulk [status:200 request:0.087s]
2024-09-29 14:33:50,350 - INFO - POST http://elasticsearch:9200/_bulk [status:200 request:0.148s]
2024-09-29 14:33:50,456 - INFO - POST http://elasticsearch:9200/_bulk [status:200 request:0.079s]
2024-09-29 14:33:50,567 - INFO - POST http://elasticsearch:9200/_bulk [status:200 request:0.075s]
2024-09-29 14:33:50,629 - INFO - POST http://elasticsearch:9200/_bulk [status:200 request:0.039s]
2024-09-29 14:33:50,746 - INFO - POST http://elasticsearch:9200/_bulk [status:200 request:0.093s]
2024-09-29 14:33:50,865 - INFO - POST http://elasticsearch:9200/_bulk [status:200 request:0.090s]
2024-09-29 14:33:50,964 - INFO - POST http://elasticsearch:9200/_bulk [status:200 request:0.074s]
2024-09-29 14:33:51,160 - INFO - POST http://elasticsearch:9200/_bulk [status:200 request:0.172s]
2024-09-29 14:33:51,341 - INFO - POST http://elasticsearch:9200/_bulk [status:200 request:0.155s]
2024-09-29 14:33:51,451 - INFO - POST http://elasticsearch:9200/_bulk [status:200 request:0.082s]
2024-09-29 14:33:51,571 - INFO - POST http://elasticsearch:9200/_bulk [status:200 request:0.083s]
2024-09-29 14:33:51,761 - INFO - POST http://elasticsearch:9200/_bulk [status:200 request:0.168s]
2024-09-29 14:33:51,858 - INFO - POST http://elasticsearch:9200/_bulk [status:200 request:0.069s]
2024-09-29 14:33:51,975 - INFO - POST http://elasticsearch:9200/_bulk [status:200 request:0.093s]
2024-09-29 14:33:52,068 - INFO - POST http://elasticsearch:9200/_bulk [status:200 request:0.071s]
2024-09-29 14:33:52,171 - INFO - POST http://elasticsearch:9200/_bulk [status:200 request:0.080s]
2024-09-29 14:33:52,261 - INFO - POST http://elasticsearch:9200/_bulk [status:200 request:0.068s]
2024-09-29 14:33:52,359 - INFO - POST http://elasticsearch:9200/_bulk [status:200 request:0.075s]
2024-09-29 14:33:52,467 - INFO - POST http://elasticsearch:9200/_bulk [status:200 request:0.087s]
2024-09-29 14:33:52,552 - INFO - POST http://elasticsearch:9200/_bulk [status:200 request:0.068s]
2024-09-29 14:33:52,599 - INFO - POST http://elasticsearch:9200/_bulk [status:200 request:0.029s]
2024-09-29 14:33:52,677 - INFO - POST http://elasticsearch:9200/_bulk [status:200 request:0.058s]
2024-09-29 14:33:52,778 - INFO - POST http://elasticsearch:9200/_bulk [status:200 request:0.080s]
2024-09-29 14:33:52,864 - INFO - POST http://elasticsearch:9200/_bulk [status:200 request:0.064s]
2024-09-29 14:33:52,974 - INFO - POST http://elasticsearch:9200/_bulk [status:200 request:0.083s]
2024-09-29 14:33:53,046 - INFO - POST http://elasticsearch:9200/_bulk [status:200 request:0.053s]
2024-09-29 14:33:53,108 - INFO - POST http://elasticsearch:9200/_bulk [status:200 request:0.040s]
2024-09-29 14:33:53,176 - INFO - POST http://elasticsearch:9200/_bulk [status:200 request:0.039s]
2024-09-29 14:33:53,270 - INFO - POST http://elasticsearch:9200/_bulk [status:200 request:0.073s]
2024-09-29 14:33:53,387 - INFO - POST http://elasticsearch:9200/_bulk [status:200 request:0.096s]
2024-09-29 14:33:53,472 - INFO - POST http://elasticsearch:9200/_bulk [status:200 request:0.066s]
2024-09-29 14:33:53,560 - INFO - POST http://elasticsearch:9200/_bulk [status:200 request:0.069s]
2024-09-29 14:33:53,652 - INFO - POST http://elasticsearch:9200/_bulk [status:200 request:0.073s]
2024-09-29 14:33:53,762 - INFO - POST http://elasticsearch:9200/_bulk [status:200 request:0.089s]
2024-09-29 14:33:53,850 - INFO - POST http://elasticsearch:9200/_bulk [status:200 request:0.068s]
2024-09-29 14:33:54,041 - INFO - POST http://elasticsearch:9200/_bulk [status:200 request:0.163s]
2024-09-29 14:33:54,250 - INFO - POST http://elasticsearch:9200/_bulk [status:200 request:0.181s]
2024-09-29 14:33:54,454 - INFO - POST http://elasticsearch:9200/_bulk [status:200 request:0.172s]
2024-09-29 14:33:54,511 - INFO - POST http://elasticsearch:9200/_bulk [status:200 request:0.035s]
2024-09-29 14:33:54,656 - INFO - POST http://elasticsearch:9200/_bulk [status:200 request:0.123s]
2024-09-29 14:33:54,745 - INFO - POST http://elasticsearch:9200/_bulk [status:200 request:0.064s]
2024-09-29 14:33:54,807 - INFO - POST http://elasticsearch:9200/_bulk [status:200 request:0.040s]
2024-09-29 14:33:54,874 - INFO - POST http://elasticsearch:9200/_bulk [status:200 request:0.041s]
2024-09-29 14:33:54,964 - INFO - POST http://elasticsearch:9200/_bulk [status:200 request:0.070s]
2024-09-29 14:33:55,081 - INFO - POST http://elasticsearch:9200/_bulk [status:200 request:0.096s]
2024-09-29 14:33:55,183 - INFO - POST http://elasticsearch:9200/_bulk [status:200 request:0.077s]
2024-09-29 14:33:55,345 - INFO - POST http://elasticsearch:9200/_bulk [status:200 request:0.139s]
2024-09-29 14:33:55,410 - INFO - POST http://elasticsearch:9200/_bulk [status:200 request:0.042s]
2024-09-29 14:33:55,485 - INFO - POST http://elasticsearch:9200/_bulk [status:200 request:0.054s]
2024-09-29 14:33:55,573 - INFO - POST http://elasticsearch:9200/_bulk [status:200 request:0.067s]
2024-09-29 14:33:55,848 - INFO - POST http://elasticsearch:9200/_bulk [status:200 request:0.238s]
2024-09-29 14:33:56,061 - INFO - POST http://elasticsearch:9200/_bulk [status:200 request:0.180s]
2024-09-29 14:33:56,351 - INFO - POST http://elasticsearch:9200/_bulk [status:200 request:0.262s]
2024-09-29 14:33:56,672 - INFO - POST http://elasticsearch:9200/_bulk [status:200 request:0.287s]
2024-09-29 14:33:56,868 - INFO - POST http://elasticsearch:9200/_bulk [status:200 request:0.158s]
2024-09-29 14:33:56,974 - INFO - POST http://elasticsearch:9200/_bulk [status:200 request:0.070s]
2024-09-29 14:33:57,082 - INFO - POST http://elasticsearch:9200/_bulk [status:200 request:0.060s]
2024-09-29 14:33:57,479 - INFO - POST http://elasticsearch:9200/_bulk [status:200 request:0.372s]
2024-09-29 14:33:57,581 - INFO - POST http://elasticsearch:9200/_bulk [status:200 request:0.062s]
2024-09-29 14:33:57,748 - INFO - POST http://elasticsearch:9200/_bulk [status:200 request:0.134s]
2024-09-29 14:33:58,052 - INFO - POST http://elasticsearch:9200/_bulk [status:200 request:0.249s]
2024-09-29 14:33:58,180 - INFO - POST http://elasticsearch:9200/_bulk [status:200 request:0.084s]
2024-09-29 14:33:58,358 - INFO - POST http://elasticsearch:9200/_bulk [status:200 request:0.156s]
2024-09-29 14:33:58,554 - INFO - POST http://elasticsearch:9200/_bulk [status:200 request:0.169s]
2024-09-29 14:33:58,619 - INFO - POST http://elasticsearch:9200/_bulk [status:200 request:0.040s]
2024-09-29 14:33:58,670 - INFO - POST http://elasticsearch:9200/_bulk [status:200 request:0.033s]
2024-09-29 14:33:58,767 - INFO - POST http://elasticsearch:9200/_bulk [status:200 request:0.076s]
2024-09-29 14:33:58,857 - INFO - POST http://elasticsearch:9200/_bulk [status:200 request:0.068s]
2024-09-29 14:33:59,044 - INFO - POST http://elasticsearch:9200/_bulk [status:200 request:0.162s]
2024-09-29 14:33:59,115 - INFO - POST http://elasticsearch:9200/_bulk [status:200 request:0.040s]
2024-09-29 14:33:59,168 - INFO - POST http://elasticsearch:9200/_bulk [status:200 request:0.034s]
2024-09-29 14:33:59,258 - INFO - POST http://elasticsearch:9200/_bulk [status:200 request:0.072s]
2024-09-29 14:33:59,309 - INFO - POST http://elasticsearch:9200/_bulk [status:200 request:0.031s]
2024-09-29 14:33:59,366 - INFO - POST http://elasticsearch:9200/_bulk [status:200 request:0.037s]
2024-09-29 14:33:59,464 - INFO - POST http://elasticsearch:9200/_bulk [status:200 request:0.079s]
2024-09-29 14:33:59,541 - INFO - POST http://elasticsearch:9200/_bulk [status:200 request:0.057s]
2024-09-29 14:33:59,603 - INFO - POST http://elasticsearch:9200/_bulk [status:200 request:0.032s]
2024-09-29 14:33:59,666 - INFO - POST http://elasticsearch:9200/_bulk [status:200 request:0.044s]
2024-09-29 14:33:59,745 - INFO - POST http://elasticsearch:9200/_bulk [status:200 request:0.060s]
2024-09-29 14:33:59,805 - INFO - POST http://elasticsearch:9200/_bulk [status:200 request:0.036s]
2024-09-29 14:33:59,860 - INFO - POST http://elasticsearch:9200/_bulk [status:200 request:0.034s]
2024-09-29 14:33:59,960 - INFO - POST http://elasticsearch:9200/_bulk [status:200 request:0.079s]
2024-09-29 14:34:00,074 - INFO - POST http://elasticsearch:9200/_bulk [status:200 request:0.091s]
2024-09-29 14:34:00,165 - INFO - POST http://elasticsearch:9200/_bulk [status:200 request:0.069s]
2024-09-29 14:34:00,247 - INFO - POST http://elasticsearch:9200/_bulk [status:200 request:0.063s]
2024-09-29 14:34:00,306 - INFO - POST http://elasticsearch:9200/_bulk [status:200 request:0.037s]
2024-09-29 14:34:00,374 - INFO - POST http://elasticsearch:9200/_bulk [status:200 request:0.046s]
2024-09-29 14:34:00,470 - INFO - POST http://elasticsearch:9200/_bulk [status:200 request:0.074s]
2024-09-29 14:34:00,571 - INFO - POST http://elasticsearch:9200/_bulk [status:200 request:0.081s]
2024-09-29 14:34:00,685 - INFO - POST http://elasticsearch:9200/_bulk [status:200 request:0.071s]
2024-09-29 14:34:00,857 - INFO - POST http://elasticsearch:9200/_bulk [status:200 request:0.149s]
2024-09-29 14:34:00,974 - INFO - POST http://elasticsearch:9200/_bulk [status:200 request:0.092s]
2024-09-29 14:34:01,059 - INFO - POST http://elasticsearch:9200/_bulk [status:200 request:0.063s]
2024-09-29 14:34:01,354 - INFO - POST http://elasticsearch:9200/_bulk [status:200 request:0.272s]
2024-09-29 14:34:01,489 - INFO - POST http://elasticsearch:9200/_bulk [status:200 request:0.112s]
2024-09-29 14:34:01,743 - INFO - POST http://elasticsearch:9200/_bulk [status:200 request:0.234s]
2024-09-29 14:34:01,845 - INFO - POST http://elasticsearch:9200/_bulk [status:200 request:0.079s]
2024-09-29 14:34:01,902 - INFO - POST http://elasticsearch:9200/_bulk [status:200 request:0.037s]
2024-09-29 14:34:02,056 - INFO - POST http://elasticsearch:9200/_bulk [status:200 request:0.136s]
2024-09-29 14:34:02,164 - INFO - POST http://elasticsearch:9200/_bulk [status:200 request:0.083s]
2024-09-29 14:34:02,551 - INFO - POST http://elasticsearch:9200/_bulk [status:200 request:0.365s]
2024-09-29 14:34:03,050 - INFO - POST http://elasticsearch:9200/_bulk [status:200 request:0.468s]
2024-09-29 14:34:03,547 - INFO - POST http://elasticsearch:9200/_bulk [status:200 request:0.461s]
2024-09-29 14:34:04,047 - INFO - POST http://elasticsearch:9200/_bulk [status:200 request:0.444s]
2024-09-29 14:34:04,853 - INFO - POST http://elasticsearch:9200/_bulk [status:200 request:0.765s]
2024-09-29 14:34:05,361 - INFO - POST http://elasticsearch:9200/_bulk [status:200 request:0.466s]
2024-09-29 14:34:05,843 - INFO - POST http://elasticsearch:9200/_bulk [status:200 request:0.459s]
2024-09-29 14:34:06,265 - INFO - POST http://elasticsearch:9200/_bulk [status:200 request:0.397s]
2024-09-29 14:34:06,658 - INFO - POST http://elasticsearch:9200/_bulk [status:200 request:0.360s]
2024-09-29 14:34:06,946 - INFO - POST http://elasticsearch:9200/_bulk [status:200 request:0.257s]
2024-09-29 14:34:07,159 - INFO - POST http://elasticsearch:9200/_bulk [status:200 request:0.180s]
2024-09-29 14:34:07,365 - INFO - POST http://elasticsearch:9200/_bulk [status:200 request:0.181s]
2024-09-29 14:34:07,842 - INFO - POST http://elasticsearch:9200/_bulk [status:200 request:0.448s]
2024-09-29 14:34:08,644 - INFO - POST http://elasticsearch:9200/_bulk [status:200 request:0.750s]
2024-09-29 14:34:09,358 - INFO - POST http://elasticsearch:9200/_bulk [status:200 request:0.660s]
2024-09-29 14:34:10,162 - INFO - POST http://elasticsearch:9200/_bulk [status:200 request:0.753s]
2024-09-29 14:34:10,749 - INFO - POST http://elasticsearch:9200/_bulk [status:200 request:0.550s]
2024-09-29 14:34:11,558 - INFO - POST http://elasticsearch:9200/_bulk [status:200 request:0.766s]
2024-09-29 14:34:12,164 - INFO - POST http://elasticsearch:9200/_bulk [status:200 request:0.562s]
2024-09-29 14:34:12,850 - INFO - POST http://elasticsearch:9200/_bulk [status:200 request:0.639s]
2024-09-29 14:34:13,256 - INFO - POST http://elasticsearch:9200/_bulk [status:200 request:0.368s]
2024-09-29 14:34:13,764 - INFO - POST http://elasticsearch:9200/_bulk [status:200 request:0.472s]
2024-09-29 14:34:14,051 - INFO - POST http://elasticsearch:9200/_bulk [status:200 request:0.251s]
2024-09-29 14:34:14,362 - INFO - POST http://elasticsearch:9200/_bulk [status:200 request:0.287s]
2024-09-29 14:34:14,757 - INFO - POST http://elasticsearch:9200/_bulk [status:200 request:0.363s]
2024-09-29 14:34:15,155 - INFO - POST http://elasticsearch:9200/_bulk [status:200 request:0.365s]
2024-09-29 14:34:15,467 - INFO - POST http://elasticsearch:9200/_bulk [status:200 request:0.277s]
2024-09-29 14:34:15,857 - INFO - POST http://elasticsearch:9200/_bulk [status:200 request:0.354s]
2024-09-29 14:34:16,257 - INFO - POST http://elasticsearch:9200/_bulk [status:200 request:0.374s]
2024-09-29 14:34:16,856 - INFO - POST http://elasticsearch:9200/_bulk [status:200 request:0.555s]
2024-09-29 14:34:17,446 - INFO - POST http://elasticsearch:9200/_bulk [status:200 request:0.553s]
2024-09-29 14:34:18,057 - INFO - POST http://elasticsearch:9200/_bulk [status:200 request:0.573s]
2024-09-29 14:34:18,556 - INFO - POST http://elasticsearch:9200/_bulk [status:200 request:0.459s]
2024-09-29 14:34:19,054 - INFO - POST http://elasticsearch:9200/_bulk [status:200 request:0.467s]
2024-09-29 14:34:19,650 - INFO - POST http://elasticsearch:9200/_bulk [status:200 request:0.554s]
2024-09-29 14:34:20,351 - INFO - POST http://elasticsearch:9200/_bulk [status:200 request:0.657s]
2024-09-29 14:34:21,152 - INFO - POST http://elasticsearch:9200/_bulk [status:200 request:0.747s]
2024-09-29 14:34:21,853 - INFO - POST http://elasticsearch:9200/_bulk [status:200 request:0.654s]
2024-09-29 14:34:22,467 - INFO - POST http://elasticsearch:9200/_bulk [status:200 request:0.567s]
2024-09-29 14:34:22,854 - INFO - POST http://elasticsearch:9200/_bulk [status:200 request:0.351s]
2024-09-29 14:34:23,279 - INFO - POST http://elasticsearch:9200/_bulk [status:200 request:0.384s]
2024-09-29 14:34:23,567 - INFO - POST http://elasticsearch:9200/_bulk [status:200 request:0.254s]
2024-09-29 14:34:23,680 - INFO - POST http://elasticsearch:9200/_bulk [status:200 request:0.075s]
2024-09-29 14:34:23,849 - INFO - POST http://elasticsearch:9200/_bulk [status:200 request:0.146s]
2024-09-29 14:34:23,977 - INFO - POST http://elasticsearch:9200/_bulk [status:200 request:0.101s]
2024-09-29 14:34:24,166 - INFO - POST http://elasticsearch:9200/_bulk [status:200 request:0.167s]
2024-09-29 14:34:24,367 - INFO - POST http://elasticsearch:9200/_bulk [status:200 request:0.171s]
2024-09-29 14:34:24,487 - INFO - POST http://elasticsearch:9200/_bulk [status:200 request:0.097s]
2024-09-29 14:34:24,747 - INFO - POST http://elasticsearch:9200/_bulk [status:200 request:0.232s]
2024-09-29 14:34:24,865 - INFO - POST http://elasticsearch:9200/_bulk [status:200 request:0.081s]
2024-09-29 14:34:24,948 - INFO - POST http://elasticsearch:9200/_bulk [status:200 request:0.064s]
2024-09-29 14:34:25,008 - INFO - POST http://elasticsearch:9200/_bulk [status:200 request:0.035s]
2024-09-29 14:34:25,163 - INFO - POST http://elasticsearch:9200/_bulk [status:200 request:0.133s]
2024-09-29 14:34:25,278 - INFO - POST http://elasticsearch:9200/_bulk [status:200 request:0.078s]
2024-09-29 14:34:25,384 - INFO - POST http://elasticsearch:9200/_bulk [status:200 request:0.072s]
2024-09-29 14:34:25,487 - INFO - POST http://elasticsearch:9200/_bulk [status:200 request:0.078s]
2024-09-29 14:34:25,576 - INFO - POST http://elasticsearch:9200/_bulk [status:200 request:0.061s]
2024-09-29 14:34:25,668 - INFO - POST http://elasticsearch:9200/_bulk [status:200 request:0.071s]
2024-09-29 14:34:25,767 - INFO - POST http://elasticsearch:9200/_bulk [status:200 request:0.077s]
2024-09-29 14:34:25,869 - INFO - POST http://elasticsearch:9200/_bulk [status:200 request:0.072s]
2024-09-29 14:34:25,968 - INFO - POST http://elasticsearch:9200/_bulk [status:200 request:0.077s]
2024-09-29 14:34:26,074 - INFO - POST http://elasticsearch:9200/_bulk [status:200 request:0.078s]
2024-09-29 14:34:26,174 - INFO - POST http://elasticsearch:9200/_bulk [status:200 request:0.076s]
2024-09-29 14:34:26,263 - INFO - POST http://elasticsearch:9200/_bulk [status:200 request:0.067s]
2024-09-29 14:34:26,447 - INFO - POST http://elasticsearch:9200/_bulk [status:200 request:0.162s]
2024-09-29 14:34:26,509 - INFO - POST http://elasticsearch:9200/_bulk [status:200 request:0.036s]
2024-09-29 14:34:26,651 - INFO - POST http://elasticsearch:9200/_bulk [status:200 request:0.121s]
2024-09-29 14:34:26,717 - INFO - POST http://elasticsearch:9200/_bulk [status:200 request:0.040s]
2024-09-29 14:34:26,846 - INFO - POST http://elasticsearch:9200/_bulk [status:200 request:0.109s]
2024-09-29 14:34:26,961 - INFO - POST http://elasticsearch:9200/_bulk [status:200 request:0.094s]
2024-09-29 14:34:27,057 - INFO - POST http://elasticsearch:9200/_bulk [status:200 request:0.074s]
2024-09-29 14:34:27,257 - INFO - POST http://elasticsearch:9200/_bulk [status:200 request:0.178s]
2024-09-29 14:34:27,645 - INFO - POST http://elasticsearch:9200/_bulk [status:200 request:0.360s]
2024-09-29 14:34:27,965 - INFO - POST http://elasticsearch:9200/_bulk [status:200 request:0.276s]
2024-09-29 14:34:28,150 - INFO - POST http://elasticsearch:9200/_bulk [status:200 request:0.162s]
2024-09-29 14:34:28,210 - INFO - POST http://elasticsearch:9200/_bulk [status:200 request:0.035s]
2024-09-29 14:34:28,280 - INFO - POST http://elasticsearch:9200/_bulk [status:200 request:0.049s]
2024-09-29 14:34:28,382 - INFO - POST http://elasticsearch:9200/_bulk [status:200 request:0.082s]
2024-09-29 14:34:28,550 - INFO - POST http://elasticsearch:9200/_bulk [status:200 request:0.124s]
2024-09-29 14:34:28,649 - INFO - POST http://elasticsearch:9200/_bulk [status:200 request:0.074s]
2024-09-29 14:34:28,717 - INFO - POST http://elasticsearch:9200/_bulk [status:200 request:0.043s]
2024-09-29 14:34:28,777 - INFO - POST http://elasticsearch:9200/_bulk [status:200 request:0.039s]
2024-09-29 14:34:28,947 - INFO - POST http://elasticsearch:9200/_bulk [status:200 request:0.138s]
2024-09-29 14:34:29,049 - INFO - POST http://elasticsearch:9200/_bulk [status:200 request:0.076s]
2024-09-29 14:34:29,116 - INFO - POST http://elasticsearch:9200/_bulk [status:200 request:0.042s]
2024-09-29 14:34:29,185 - INFO - POST http://elasticsearch:9200/_bulk [status:200 request:0.041s]
2024-09-29 14:34:29,271 - INFO - POST http://elasticsearch:9200/_bulk [status:200 request:0.067s]
2024-09-29 14:34:29,369 - INFO - POST http://elasticsearch:9200/_bulk [status:200 request:0.076s]
2024-09-29 14:34:29,465 - INFO - POST http://elasticsearch:9200/_bulk [status:200 request:0.075s]
2024-09-29 14:34:29,569 - INFO - POST http://elasticsearch:9200/_bulk [status:200 request:0.085s]
2024-09-29 14:34:29,664 - INFO - POST http://elasticsearch:9200/_bulk [status:200 request:0.076s]
2024-09-29 14:34:29,750 - INFO - POST http://elasticsearch:9200/_bulk [status:200 request:0.064s]
2024-09-29 14:34:29,809 - INFO - POST http://elasticsearch:9200/_bulk [status:200 request:0.038s]
2024-09-29 14:34:29,877 - INFO - POST http://elasticsearch:9200/_bulk [status:200 request:0.048s]
2024-09-29 14:34:29,972 - INFO - POST http://elasticsearch:9200/_bulk [status:200 request:0.076s]
2024-09-29 14:34:30,069 - INFO - POST http://elasticsearch:9200/_bulk [status:200 request:0.075s]
2024-09-29 14:34:30,167 - INFO - POST http://elasticsearch:9200/_bulk [status:200 request:0.075s]
2024-09-29 14:34:30,250 - INFO - POST http://elasticsearch:9200/_bulk [status:200 request:0.062s]
2024-09-29 14:34:30,310 - INFO - POST http://elasticsearch:9200/_bulk [status:200 request:0.039s]
2024-09-29 14:34:30,380 - INFO - POST http://elasticsearch:9200/_bulk [status:200 request:0.046s]
2024-09-29 14:34:30,482 - INFO - POST http://elasticsearch:9200/_bulk [status:200 request:0.077s]
2024-09-29 14:34:30,584 - INFO - POST http://elasticsearch:9200/_bulk [status:200 request:0.079s]
2024-09-29 14:34:30,682 - INFO - POST http://elasticsearch:9200/_bulk [status:200 request:0.076s]
2024-09-29 14:34:30,777 - INFO - POST http://elasticsearch:9200/_bulk [status:200 request:0.072s]
2024-09-29 14:34:30,875 - INFO - POST http://elasticsearch:9200/_bulk [status:200 request:0.075s]
2024-09-29 14:34:30,966 - INFO - POST http://elasticsearch:9200/_bulk [status:200 request:0.068s]
2024-09-29 14:34:31,067 - INFO - POST http://elasticsearch:9200/_bulk [status:200 request:0.079s]
2024-09-29 14:34:31,159 - INFO - POST http://elasticsearch:9200/_bulk [status:200 request:0.065s]
2024-09-29 14:34:31,262 - INFO - POST http://elasticsearch:9200/_bulk [status:200 request:0.076s]
2024-09-29 14:34:31,365 - INFO - POST http://elasticsearch:9200/_bulk [status:200 request:0.077s]
2024-09-29 14:34:31,453 - INFO - POST http://elasticsearch:9200/_bulk [status:200 request:0.065s]
2024-09-29 14:34:31,549 - INFO - POST http://elasticsearch:9200/_bulk [status:200 request:0.070s]
2024-09-29 14:34:31,760 - INFO - POST http://elasticsearch:9200/_bulk [status:200 request:0.185s]
2024-09-29 14:34:31,849 - INFO - POST http://elasticsearch:9200/_bulk [status:200 request:0.065s]
2024-09-29 14:34:31,924 - INFO - POST http://elasticsearch:9200/_bulk [status:200 request:0.044s]
2024-09-29 14:34:31,993 - INFO - POST http://elasticsearch:9200/_bulk [status:200 request:0.047s]
2024-09-29 14:34:32,087 - INFO - POST http://elasticsearch:9200/_bulk [status:200 request:0.072s]
2024-09-29 14:34:32,178 - INFO - POST http://elasticsearch:9200/_bulk [status:200 request:0.072s]
2024-09-29 14:34:32,259 - INFO - POST http://elasticsearch:9200/_bulk [status:200 request:0.062s]
2024-09-29 14:34:32,356 - INFO - POST http://elasticsearch:9200/_bulk [status:200 request:0.078s]
2024-09-29 14:34:32,411 - INFO - POST http://elasticsearch:9200/_bulk [status:200 request:0.034s]
2024-09-29 14:34:32,470 - INFO - POST http://elasticsearch:9200/_bulk [status:200 request:0.041s]
2024-09-29 14:34:32,561 - INFO - POST http://elasticsearch:9200/_bulk [status:200 request:0.072s]
2024-09-29 14:34:32,612 - INFO - POST http://elasticsearch:9200/_bulk [status:200 request:0.032s]
2024-09-29 14:34:32,666 - INFO - POST http://elasticsearch:9200/_bulk [status:200 request:0.035s]
2024-09-29 14:34:32,754 - INFO - POST http://elasticsearch:9200/_bulk [status:200 request:0.069s]
2024-09-29 14:34:32,805 - INFO - POST http://elasticsearch:9200/_bulk [status:200 request:0.030s]
2024-09-29 14:34:32,865 - INFO - POST http://elasticsearch:9200/_bulk [status:200 request:0.041s]
2024-09-29 14:34:32,969 - INFO - POST http://elasticsearch:9200/_bulk [status:200 request:0.083s]
2024-09-29 14:34:33,045 - INFO - POST http://elasticsearch:9200/_bulk [status:200 request:0.055s]
2024-09-29 14:34:33,097 - INFO - POST http://elasticsearch:9200/_bulk [status:200 request:0.031s]
2024-09-29 14:34:33,174 - INFO - POST http://elasticsearch:9200/_bulk [status:200 request:0.058s]
2024-09-29 14:34:33,253 - INFO - POST http://elasticsearch:9200/_bulk [status:200 request:0.060s]
2024-09-29 14:34:33,301 - INFO - POST http://elasticsearch:9200/_bulk [status:200 request:0.028s]
2024-09-29 14:34:33,363 - INFO - POST http://elasticsearch:9200/_bulk [status:200 request:0.044s]
2024-09-29 14:34:33,460 - INFO - POST http://elasticsearch:9200/_bulk [status:200 request:0.073s]
2024-09-29 14:34:33,567 - INFO - POST http://elasticsearch:9200/_bulk [status:200 request:0.087s]
2024-09-29 14:34:33,647 - INFO - POST http://elasticsearch:9200/_bulk [status:200 request:0.061s]
2024-09-29 14:34:33,702 - INFO - POST http://elasticsearch:9200/_bulk [status:200 request:0.033s]
2024-09-29 14:34:33,769 - INFO - POST http://elasticsearch:9200/_bulk [status:200 request:0.046s]
2024-09-29 14:34:33,859 - INFO - POST http://elasticsearch:9200/_bulk [status:200 request:0.071s]
2024-09-29 14:34:33,969 - INFO - POST http://elasticsearch:9200/_bulk [status:200 request:0.088s]
2024-09-29 14:34:34,850 - INFO - POST http://elasticsearch:9200/_bulk [status:200 request:0.856s]
2024-09-29 14:34:35,751 - INFO - POST http://elasticsearch:9200/_bulk [status:200 request:0.853s]
2024-09-29 14:34:36,253 - INFO - POST http://elasticsearch:9200/_bulk [status:200 request:0.464s]
2024-09-29 14:34:36,758 - INFO - POST http://elasticsearch:9200/_bulk [status:200 request:0.468s]
2024-09-29 14:34:37,052 - INFO - POST http://elasticsearch:9200/_bulk [status:200 request:0.259s]
2024-09-29 14:34:37,558 - INFO - POST http://elasticsearch:9200/_bulk [status:200 request:0.474s]
2024-09-29 14:34:37,853 - INFO - POST http://elasticsearch:9200/_bulk [status:200 request:0.260s]
2024-09-29 14:34:38,158 - INFO - POST http://elasticsearch:9200/_bulk [status:200 request:0.271s]
2024-09-29 14:34:38,548 - INFO - POST http://elasticsearch:9200/_bulk [status:200 request:0.355s]
2024-09-29 14:34:38,860 - INFO - POST http://elasticsearch:9200/_bulk [status:200 request:0.279s]
2024-09-29 14:34:39,168 - INFO - POST http://elasticsearch:9200/_bulk [status:200 request:0.270s]
2024-09-29 14:34:39,648 - INFO - POST http://elasticsearch:9200/_bulk [status:200 request:0.440s]
2024-09-29 14:34:40,349 - INFO - POST http://elasticsearch:9200/_bulk [status:200 request:0.659s]
2024-09-29 14:34:40,850 - INFO - POST http://elasticsearch:9200/_bulk [status:200 request:0.456s]
2024-09-29 14:34:41,347 - INFO - POST http://elasticsearch:9200/_bulk [status:200 request:0.455s]
2024-09-29 14:34:41,750 - INFO - POST http://elasticsearch:9200/_bulk [status:200 request:0.364s]
2024-09-29 14:34:42,164 - INFO - POST http://elasticsearch:9200/_bulk [status:200 request:0.374s]
2024-09-29 14:34:42,369 - INFO - POST http://elasticsearch:9200/_bulk [status:200 request:0.176s]
2024-09-29 14:34:42,745 - INFO - POST http://elasticsearch:9200/_bulk [status:200 request:0.353s]
2024-09-29 14:34:43,449 - INFO - POST http://elasticsearch:9200/_bulk [status:200 request:0.668s]
2024-09-29 14:34:43,752 - INFO - POST http://elasticsearch:9200/_bulk [status:200 request:0.252s]
2024-09-29 14:34:44,044 - INFO - POST http://elasticsearch:9200/_bulk [status:200 request:0.257s]
2024-09-29 14:34:44,265 - INFO - POST http://elasticsearch:9200/_bulk [status:200 request:0.185s]
2024-09-29 14:34:44,562 - INFO - POST http://elasticsearch:9200/_bulk [status:200 request:0.270s]
2024-09-29 14:34:44,861 - INFO - POST http://elasticsearch:9200/_bulk [status:200 request:0.270s]
2024-09-29 14:34:45,352 - INFO - POST http://elasticsearch:9200/_bulk [status:200 request:0.456s]
2024-09-29 14:34:45,661 - INFO - POST http://elasticsearch:9200/_bulk [status:200 request:0.266s]
2024-09-29 14:34:45,979 - INFO - POST http://elasticsearch:9200/_bulk [status:200 request:0.266s]
2024-09-29 14:34:46,259 - INFO - POST http://elasticsearch:9200/_bulk [status:200 request:0.251s]
2024-09-29 14:34:46,652 - INFO - POST http://elasticsearch:9200/_bulk [status:200 request:0.359s]
2024-09-29 14:34:46,965 - INFO - POST http://elasticsearch:9200/_bulk [status:200 request:0.273s]
2024-09-29 14:34:47,267 - INFO - POST http://elasticsearch:9200/_bulk [status:200 request:0.268s]
2024-09-29 14:34:47,558 - INFO - POST http://elasticsearch:9200/_bulk [status:200 request:0.261s]
2024-09-29 14:34:47,863 - INFO - POST http://elasticsearch:9200/_bulk [status:200 request:0.271s]
2024-09-29 14:34:48,157 - INFO - POST http://elasticsearch:9200/_bulk [status:200 request:0.258s]
2024-09-29 14:34:48,467 - INFO - POST http://elasticsearch:9200/_bulk [status:200 request:0.277s]
2024-09-29 14:34:48,955 - INFO - POST http://elasticsearch:9200/_bulk [status:200 request:0.423s]
2024-09-29 14:34:49,359 - INFO - POST http://elasticsearch:9200/_bulk [status:200 request:0.372s]
2024-09-29 14:34:49,867 - INFO - POST http://elasticsearch:9200/_bulk [status:200 request:0.453s]
2024-09-29 14:34:50,863 - INFO - POST http://elasticsearch:9200/_bulk [status:200 request:0.937s]
2024-09-29 14:34:51,547 - INFO - POST http://elasticsearch:9200/_bulk [status:200 request:0.557s]
2024-09-29 14:34:51,773 - INFO - POST http://elasticsearch:9200/_bulk [status:200 request:0.178s]
2024-09-29 14:34:51,867 - INFO - POST http://elasticsearch:9200/_bulk [status:200 request:0.061s]
2024-09-29 14:34:52,058 - INFO - POST http://elasticsearch:9200/_bulk [status:200 request:0.169s]
2024-09-29 14:34:52,177 - INFO - POST http://elasticsearch:9200/_bulk [status:200 request:0.093s]
2024-09-29 14:34:52,275 - INFO - POST http://elasticsearch:9200/_bulk [status:200 request:0.071s]
2024-09-29 14:34:52,373 - INFO - POST http://elasticsearch:9200/_bulk [status:200 request:0.068s]
2024-09-29 14:34:52,467 - INFO - POST http://elasticsearch:9200/_bulk [status:200 request:0.071s]
2024-09-29 14:34:52,556 - INFO - POST http://elasticsearch:9200/_bulk [status:200 request:0.064s]
2024-09-29 14:34:52,656 - INFO - POST http://elasticsearch:9200/_bulk [status:200 request:0.074s]
2024-09-29 14:34:52,711 - INFO - POST http://elasticsearch:9200/_bulk [status:200 request:0.033s]
2024-09-29 14:34:52,854 - INFO - POST http://elasticsearch:9200/_bulk [status:200 request:0.122s]
2024-09-29 14:34:52,959 - INFO - POST http://elasticsearch:9200/_bulk [status:200 request:0.084s]
2024-09-29 14:34:53,084 - INFO - POST http://elasticsearch:9200/_bulk [status:200 request:0.102s]
2024-09-29 14:34:53,185 - INFO - POST http://elasticsearch:9200/_bulk [status:200 request:0.081s]
2024-09-29 14:34:53,466 - INFO - POST http://elasticsearch:9200/_bulk [status:200 request:0.260s]
2024-09-29 14:34:53,664 - INFO - POST http://elasticsearch:9200/_bulk [status:200 request:0.174s]
2024-09-29 14:34:53,963 - INFO - POST http://elasticsearch:9200/_bulk [status:200 request:0.271s]
2024-09-29 14:34:54,159 - INFO - POST http://elasticsearch:9200/_bulk [status:200 request:0.170s]
2024-09-29 14:34:54,218 - INFO - POST http://elasticsearch:9200/_bulk [status:200 request:0.034s]
2024-09-29 14:34:54,281 - INFO - POST http://elasticsearch:9200/_bulk [status:200 request:0.041s]
2024-09-29 14:34:54,443 - INFO - POST http://elasticsearch:9200/_bulk [status:200 request:0.139s]
2024-09-29 14:34:54,511 - INFO - POST http://elasticsearch:9200/_bulk [status:200 request:0.040s]
2024-09-29 14:34:54,560 - INFO - POST http://elasticsearch:9200/_bulk [status:200 request:0.031s]
2024-09-29 14:34:54,656 - INFO - POST http://elasticsearch:9200/_bulk [status:200 request:0.078s]
2024-09-29 14:34:54,761 - INFO - POST http://elasticsearch:9200/_bulk [status:200 request:0.083s]
2024-09-29 14:34:54,853 - INFO - POST http://elasticsearch:9200/_bulk [status:200 request:0.068s]
2024-09-29 14:34:54,913 - INFO - POST http://elasticsearch:9200/_bulk [status:200 request:0.037s]
2024-09-29 14:34:55,053 - INFO - POST http://elasticsearch:9200/_bulk [status:200 request:0.116s]
2024-09-29 14:34:55,151 - INFO - POST http://elasticsearch:9200/_bulk [status:200 request:0.076s]
2024-09-29 14:34:55,247 - INFO - POST http://elasticsearch:9200/_bulk [status:200 request:0.066s]
2024-09-29 14:34:55,307 - INFO - POST http://elasticsearch:9200/_bulk [status:200 request:0.037s]
2024-09-29 14:34:55,364 - INFO - POST http://elasticsearch:9200/_bulk [status:200 request:0.036s]
2024-09-29 14:34:55,456 - INFO - POST http://elasticsearch:9200/_bulk [status:200 request:0.064s]
2024-09-29 14:34:55,552 - INFO - POST http://elasticsearch:9200/_bulk [status:200 request:0.073s]
2024-09-29 14:34:55,668 - INFO - POST http://elasticsearch:9200/_bulk [status:200 request:0.091s]
2024-09-29 14:34:55,760 - INFO - POST http://elasticsearch:9200/_bulk [status:200 request:0.052s]
2024-09-29 14:34:55,876 - INFO - POST http://elasticsearch:9200/_bulk [status:200 request:0.086s]
2024-09-29 14:34:55,979 - INFO - POST http://elasticsearch:9200/_bulk [status:200 request:0.074s]
2024-09-29 14:34:56,084 - INFO - POST http://elasticsearch:9200/_bulk [status:200 request:0.080s]
2024-09-29 14:34:56,183 - INFO - POST http://elasticsearch:9200/_bulk [status:200 request:0.075s]
2024-09-29 14:34:56,276 - INFO - POST http://elasticsearch:9200/_bulk [status:200 request:0.072s]
2024-09-29 14:34:56,370 - INFO - POST http://elasticsearch:9200/_bulk [status:200 request:0.072s]
2024-09-29 14:34:56,456 - INFO - POST http://elasticsearch:9200/_bulk [status:200 request:0.066s]
2024-09-29 14:34:56,538 - INFO - POST http://elasticsearch:9200/_bulk [status:200 request:0.060s]
2024-09-29 14:34:56,603 - INFO - POST http://elasticsearch:9200/_bulk [status:200 request:0.042s]
2024-09-29 14:34:56,681 - INFO - POST http://elasticsearch:9200/_bulk [status:200 request:0.051s]
2024-09-29 14:34:57,151 - INFO - POST http://elasticsearch:9200/_bulk [status:200 request:0.446s]
2024-09-29 14:34:57,279 - INFO - POST http://elasticsearch:9200/_bulk [status:200 request:0.094s]
2024-09-29 14:34:57,377 - INFO - POST http://elasticsearch:9200/_bulk [status:200 request:0.074s]
2024-09-29 14:34:57,479 - INFO - POST http://elasticsearch:9200/_bulk [status:200 request:0.081s]
2024-09-29 14:34:57,578 - INFO - POST http://elasticsearch:9200/_bulk [status:200 request:0.080s]
2024-09-29 14:34:57,668 - INFO - POST http://elasticsearch:9200/_bulk [status:200 request:0.070s]
2024-09-29 14:34:57,756 - INFO - POST http://elasticsearch:9200/_bulk [status:200 request:0.069s]
2024-09-29 14:34:57,846 - INFO - POST http://elasticsearch:9200/_bulk [status:200 request:0.067s]
2024-09-29 14:34:57,914 - INFO - POST http://elasticsearch:9200/_bulk [status:200 request:0.044s]
2024-09-29 14:34:57,993 - INFO - POST http://elasticsearch:9200/_bulk [status:200 request:0.048s]
2024-09-29 14:34:58,081 - INFO - POST http://elasticsearch:9200/_bulk [status:200 request:0.065s]
2024-09-29 14:34:58,180 - INFO - POST http://elasticsearch:9200/_bulk [status:200 request:0.074s]
2024-09-29 14:34:58,350 - INFO - POST http://elasticsearch:9200/_bulk [status:200 request:0.139s]
2024-09-29 14:34:58,459 - INFO - POST http://elasticsearch:9200/_bulk [status:200 request:0.077s]
2024-09-29 14:34:58,581 - INFO - POST http://elasticsearch:9200/_bulk [status:200 request:0.096s]
2024-09-29 14:34:58,676 - INFO - POST http://elasticsearch:9200/_bulk [status:200 request:0.072s]
2024-09-29 14:34:58,760 - INFO - POST http://elasticsearch:9200/_bulk [status:200 request:0.064s]
2024-09-29 14:34:58,850 - INFO - POST http://elasticsearch:9200/_bulk [status:200 request:0.071s]
2024-09-29 14:34:58,915 - INFO - POST http://elasticsearch:9200/_bulk [status:200 request:0.042s]
2024-09-29 14:34:58,969 - INFO - POST http://elasticsearch:9200/_bulk [status:200 request:0.034s]
2024-09-29 14:34:59,059 - INFO - POST http://elasticsearch:9200/_bulk [status:200 request:0.071s]
2024-09-29 14:34:59,167 - INFO - POST http://elasticsearch:9200/_bulk [status:200 request:0.087s]
2024-09-29 14:34:59,278 - INFO - POST http://elasticsearch:9200/_bulk [status:200 request:0.091s]
2024-09-29 14:34:59,369 - INFO - POST http://elasticsearch:9200/_bulk [status:200 request:0.069s]
2024-09-29 14:34:59,480 - INFO - POST http://elasticsearch:9200/_bulk [status:200 request:0.085s]
2024-09-29 14:34:59,573 - INFO - POST http://elasticsearch:9200/_bulk [status:200 request:0.061s]
2024-09-29 14:34:59,676 - INFO - POST http://elasticsearch:9200/_bulk [status:200 request:0.076s]
2024-09-29 14:34:59,784 - INFO - POST http://elasticsearch:9200/_bulk [status:200 request:0.083s]
2024-09-29 14:34:59,883 - INFO - POST http://elasticsearch:9200/_bulk [status:200 request:0.075s]
2024-09-29 14:34:59,976 - INFO - POST http://elasticsearch:9200/_bulk [status:200 request:0.074s]
2024-09-29 14:35:00,079 - INFO - POST http://elasticsearch:9200/_bulk [status:200 request:0.081s]
2024-09-29 14:35:00,180 - INFO - POST http://elasticsearch:9200/_bulk [status:200 request:0.073s]
2024-09-29 14:35:00,348 - INFO - POST http://elasticsearch:9200/_bulk [status:200 request:0.143s]
2024-09-29 14:35:00,467 - INFO - POST http://elasticsearch:9200/_bulk [status:200 request:0.092s]
2024-09-29 14:35:00,572 - INFO - POST http://elasticsearch:9200/_bulk [status:200 request:0.078s]
2024-09-29 14:35:00,769 - INFO - POST http://elasticsearch:9200/_bulk [status:200 request:0.164s]
2024-09-29 14:35:01,168 - INFO - POST http://elasticsearch:9200/_bulk [status:200 request:0.374s]
2024-09-29 14:35:01,467 - INFO - POST http://elasticsearch:9200/_bulk [status:200 request:0.256s]
2024-09-29 14:35:01,565 - INFO - POST http://elasticsearch:9200/_bulk [status:200 request:0.070s]
2024-09-29 14:35:01,675 - INFO - POST http://elasticsearch:9200/_bulk [status:200 request:0.079s]
2024-09-29 14:35:01,768 - INFO - POST http://elasticsearch:9200/_bulk [status:200 request:0.071s]
2024-09-29 14:35:01,877 - INFO - POST http://elasticsearch:9200/_bulk [status:200 request:0.084s]
2024-09-29 14:35:01,985 - INFO - POST http://elasticsearch:9200/_bulk [status:200 request:0.084s]
2024-09-29 14:35:02,096 - INFO - POST http://elasticsearch:9200/_bulk [status:200 request:0.085s]
2024-09-29 14:35:02,291 - INFO - POST http://elasticsearch:9200/_bulk [status:200 request:0.166s]
2024-09-29 14:35:02,388 - INFO - POST http://elasticsearch:9200/_bulk [status:200 request:0.068s]
2024-09-29 14:35:02,485 - INFO - POST http://elasticsearch:9200/_bulk [status:200 request:0.072s]
2024-09-29 14:35:02,578 - INFO - POST http://elasticsearch:9200/_bulk [status:200 request:0.074s]
2024-09-29 14:35:02,668 - INFO - POST http://elasticsearch:9200/_bulk [status:200 request:0.069s]
2024-09-29 14:35:02,771 - INFO - POST http://elasticsearch:9200/_bulk [status:200 request:0.077s]
2024-09-29 14:35:02,884 - INFO - POST http://elasticsearch:9200/_bulk [status:200 request:0.080s]
2024-09-29 14:35:03,057 - INFO - POST http://elasticsearch:9200/_bulk [status:200 request:0.148s]
2024-09-29 14:35:03,149 - INFO - POST http://elasticsearch:9200/_bulk [status:200 request:0.071s]
2024-09-29 14:35:03,572 - INFO - POST http://elasticsearch:9200/_bulk [status:200 request:0.390s]
2024-09-29 14:35:03,853 - INFO - POST http://elasticsearch:9200/_bulk [status:200 request:0.251s]
2024-09-29 14:35:04,361 - INFO - POST http://elasticsearch:9200/_bulk [status:200 request:0.468s]
2024-09-29 14:35:04,967 - INFO - POST http://elasticsearch:9200/_bulk [status:200 request:0.565s]
2024-09-29 14:35:05,255 - INFO - POST http://elasticsearch:9200/_bulk [status:200 request:0.244s]
2024-09-29 14:35:05,469 - INFO - POST http://elasticsearch:9200/_bulk [status:200 request:0.181s]
2024-09-29 14:35:05,667 - INFO - POST http://elasticsearch:9200/_bulk [status:200 request:0.160s]
2024-09-29 14:35:05,970 - INFO - POST http://elasticsearch:9200/_bulk [status:200 request:0.273s]
2024-09-29 14:35:06,263 - INFO - POST http://elasticsearch:9200/_bulk [status:200 request:0.252s]
2024-09-29 14:35:06,708 - INFO - POST http://elasticsearch:9200/_bulk [status:200 request:0.411s]
2024-09-29 14:35:06,959 - INFO - POST http://elasticsearch:9200/_bulk [status:200 request:0.221s]
2024-09-29 14:35:07,266 - INFO - POST http://elasticsearch:9200/_bulk [status:200 request:0.276s]
2024-09-29 14:35:07,753 - INFO - POST http://elasticsearch:9200/_bulk [status:200 request:0.448s]
2024-09-29 14:35:08,066 - INFO - POST http://elasticsearch:9200/_bulk [status:200 request:0.273s]
2024-09-29 14:35:08,263 - INFO - POST http://elasticsearch:9200/_bulk [status:200 request:0.170s]
2024-09-29 14:35:08,549 - INFO - POST http://elasticsearch:9200/_bulk [status:200 request:0.253s]
2024-09-29 14:35:08,864 - INFO - POST http://elasticsearch:9200/_bulk [status:200 request:0.286s]
2024-09-29 14:35:09,251 - INFO - POST http://elasticsearch:9200/_bulk [status:200 request:0.355s]
2024-09-29 14:35:09,553 - INFO - POST http://elasticsearch:9200/_bulk [status:200 request:0.266s]
2024-09-29 14:35:09,947 - INFO - POST http://elasticsearch:9200/_bulk [status:200 request:0.359s]
2024-09-29 14:35:10,353 - INFO - POST http://elasticsearch:9200/_bulk [status:200 request:0.365s]
2024-09-29 14:35:10,667 - INFO - POST http://elasticsearch:9200/_bulk [status:200 request:0.281s]
2024-09-29 14:35:10,857 - INFO - POST http://elasticsearch:9200/_bulk [status:200 request:0.164s]
2024-09-29 14:35:11,052 - INFO - POST http://elasticsearch:9200/_bulk [status:200 request:0.170s]
2024-09-29 14:35:11,365 - INFO - POST http://elasticsearch:9200/_bulk [status:200 request:0.264s]
2024-09-29 14:35:11,653 - INFO - POST http://elasticsearch:9200/_bulk [status:200 request:0.247s]
2024-09-29 14:35:11,755 - INFO - POST http://elasticsearch:9200/_bulk [status:200 request:0.092s]
2024-09-29 14:35:11,757 - INFO - Подключение к базе данных закрыто после индексации товаров
2024-09-29 14:35:11,758 - INFO - Обработка завершена успешно
